<?xml version="1.0" encoding="UTF-8"?>
<!-- Generated by org.testng.reporters.JUnitXMLReporter -->
<testsuite ignored="0" hostname="Mainaks-MacBook-Air.local" failures="1" tests="2" name="Test" time="19.638" errors="0" timestamp="2022-05-21T17:24:09 IST">
  <testcase classname="Listeners.TestCases" name="demo" time="7.207"/>
  <testcase classname="Listeners.TestCases" name="demo1" time="5.481">
    <failure type="java.lang.AssertionError" message="expected [Hello] but found [Hell]">
      <![CDATA[java.lang.AssertionError: expected [Hello] but found [Hell]
at Listeners.TestCases.demo1(TestCases.java:48)
at java.base/java.util.ArrayList.forEach(ArrayList.java:1511)
... Removed 33 stack frames]]>
    </failure>
  </testcase> <!-- demo1 -->
</testsuite> <!-- Test -->
